

Started GET "/" for ::1 at 2016-10-08 19:34:00 -0400
Processing by HomeController#index as HTML
  Rendered home/index.html.erb within layouts/application (4.5ms)
Completed 200 OK in 4125ms (Views: 4110.7ms)


Started GET "/assets/application.self-4b9bb41143686ec597cc16b24333eae8b5368a423e122cfb9e76555afb009a9c.css?body=1" for ::1 at 2016-10-08 19:34:05 -0400


Started GET "/assets/bootstrap/affix.self-3555752f8a930795ee9e56751a52e6871104ae85d01b3ab8363da3802a5ecc78.js?body=1" for ::1 at 2016-10-08 19:34:05 -0400


Started GET "/assets/bootstrap/alert.self-d8b7bd612b3dcfdefb7b5539b9d5848d66ccbd3e7af8bb8d48bfb3288aaa7be8.js?body=1" for ::1 at 2016-10-08 19:34:05 -0400


Started GET "/assets/bootstrap/button.self-e74d33ba39500940a78d6fa4d2d64f6ca7fd86d60a2149641f7fde7ba711d8a1.js?body=1" for ::1 at 2016-10-08 19:34:05 -0400


Started GET "/assets/bootstrap/dropdown.self-e56c2ffee4618411d43ecf15c89273f6223847ad756e1cd17545d04afa732ed4.js?body=1" for ::1 at 2016-10-08 19:34:05 -0400


Started GET "/assets/bootstrap/scrollspy.self-52afd90e8ba97d9f08617a13986e8869d6c4a45751c0bff59a6f91241e722aca.js?body=1" for ::1 at 2016-10-08 19:34:05 -0400


Started GET "/assets/bootstrap/collapse.self-056c40532d9f0f126ec17e839f60c942f573fbd61a086e7f156306e3fc5e8c1f.js?body=1" for ::1 at 2016-10-08 19:34:05 -0400


Started GET "/assets/bootstrap/modal.self-62463080dba6b9d024ff0a3192da0e76eacbc683194f3395047c6f5cfa0acb59.js?body=1" for ::1 at 2016-10-08 19:34:05 -0400


Started GET "/assets/bootstrap/carousel.self-35d204878d906298e55bc24553e11fd89b980fc4ffe5792fe36af8c0da289c54.js?body=1" for ::1 at 2016-10-08 19:34:05 -0400


Started GET "/assets/bootstrap/tab.self-dad0d5c377f9fae26394484535ebb23ccf68afae084f896af6ea4cdf8c9f6ae0.js?body=1" for ::1 at 2016-10-08 19:34:05 -0400


Started GET "/assets/bootstrap/transition.self-3b268d4cd8c79e46ded7392885f72f64ffb5b0d49948a12b8cf9779f6163e13a.js?body=1" for ::1 at 2016-10-08 19:34:05 -0400


Started GET "/assets/bootstrap/tooltip.self-facdc69246a072acb927ded77ff655f7c27a518b9357fddd45d119fbc8a0ab9f.js?body=1" for ::1 at 2016-10-08 19:34:05 -0400


Started GET "/assets/bootstrap/popover.self-210cff1fb4b72b71a29b5122180cb5937c8145cd13a934dc838280f1d9607a3e.js?body=1" for ::1 at 2016-10-08 19:34:05 -0400


Started GET "/assets/bootstrap-sprockets.self-fbfa5ad7d9aa0afe439ec4ff3883acc4cb92b62cb67c40d674320c9aa1d4642d.js?body=1" for ::1 at 2016-10-08 19:34:05 -0400


Started GET "/" for ::1 at 2016-10-08 19:35:45 -0400
Processing by HomeController#index as HTML
  Rendered home/index.html.erb within layouts/application (0.8ms)
Completed 200 OK in 109ms (Views: 108.0ms)


Started GET "/assets/application.self-4b9bb41143686ec597cc16b24333eae8b5368a423e122cfb9e76555afb009a9c.css?body=1" for ::1 at 2016-10-08 19:35:45 -0400


Started GET "/assets/jquery.self-c64a74367bda6ef8b860f19e74df08927ca99d2be2ac934e9e92d5fd361e0da4.js?body=1" for ::1 at 2016-10-08 19:35:45 -0400


Started GET "/assets/bootstrap/carousel.self-35d204878d906298e55bc24553e11fd89b980fc4ffe5792fe36af8c0da289c54.js?body=1" for ::1 at 2016-10-08 19:35:45 -0400


Started GET "/assets/bootstrap/collapse.self-056c40532d9f0f126ec17e839f60c942f573fbd61a086e7f156306e3fc5e8c1f.js?body=1" for ::1 at 2016-10-08 19:35:45 -0400


Started GET "/assets/bootstrap/affix.self-3555752f8a930795ee9e56751a52e6871104ae85d01b3ab8363da3802a5ecc78.js?body=1" for ::1 at 2016-10-08 19:35:45 -0400


Started GET "/assets/bootstrap/button.self-e74d33ba39500940a78d6fa4d2d64f6ca7fd86d60a2149641f7fde7ba711d8a1.js?body=1" for ::1 at 2016-10-08 19:35:45 -0400


Started GET "/assets/bootstrap/alert.self-d8b7bd612b3dcfdefb7b5539b9d5848d66ccbd3e7af8bb8d48bfb3288aaa7be8.js?body=1" for ::1 at 2016-10-08 19:35:45 -0400


Started GET "/assets/bootstrap/modal.self-62463080dba6b9d024ff0a3192da0e76eacbc683194f3395047c6f5cfa0acb59.js?body=1" for ::1 at 2016-10-08 19:35:45 -0400


Started GET "/assets/bootstrap/scrollspy.self-52afd90e8ba97d9f08617a13986e8869d6c4a45751c0bff59a6f91241e722aca.js?body=1" for ::1 at 2016-10-08 19:35:45 -0400


Started GET "/assets/bootstrap/dropdown.self-e56c2ffee4618411d43ecf15c89273f6223847ad756e1cd17545d04afa732ed4.js?body=1" for ::1 at 2016-10-08 19:35:45 -0400


Started GET "/assets/bootstrap/transition.self-3b268d4cd8c79e46ded7392885f72f64ffb5b0d49948a12b8cf9779f6163e13a.js?body=1" for ::1 at 2016-10-08 19:35:45 -0400


Started GET "/assets/bootstrap/tooltip.self-facdc69246a072acb927ded77ff655f7c27a518b9357fddd45d119fbc8a0ab9f.js?body=1" for ::1 at 2016-10-08 19:35:45 -0400


Started GET "/assets/bootstrap/tab.self-dad0d5c377f9fae26394484535ebb23ccf68afae084f896af6ea4cdf8c9f6ae0.js?body=1" for ::1 at 2016-10-08 19:35:45 -0400


Started GET "/assets/bootstrap/popover.self-210cff1fb4b72b71a29b5122180cb5937c8145cd13a934dc838280f1d9607a3e.js?body=1" for ::1 at 2016-10-08 19:35:45 -0400


Started GET "/assets/bootstrap-sprockets.self-fbfa5ad7d9aa0afe439ec4ff3883acc4cb92b62cb67c40d674320c9aa1d4642d.js?body=1" for ::1 at 2016-10-08 19:35:45 -0400


Started GET "/assets/application.self-89655ea40500a342dad2ac571974c28abab3e3897c63fef4c2d06d7564836879.js?body=1" for ::1 at 2016-10-08 19:35:45 -0400


Started GET "/" for ::1 at 2016-10-08 19:37:37 -0400
Processing by HomeController#index as HTML
  Rendered home/index.html.erb within layouts/application (0.5ms)
Completed 200 OK in 127ms (Views: 125.6ms)


Started GET "/assets/application.self-4b9bb41143686ec597cc16b24333eae8b5368a423e122cfb9e76555afb009a9c.css?body=1" for ::1 at 2016-10-08 19:37:38 -0400


Started GET "/assets/jquery.self-c64a74367bda6ef8b860f19e74df08927ca99d2be2ac934e9e92d5fd361e0da4.js?body=1" for ::1 at 2016-10-08 19:37:38 -0400


Started GET "/assets/bootstrap/collapse.self-056c40532d9f0f126ec17e839f60c942f573fbd61a086e7f156306e3fc5e8c1f.js?body=1" for ::1 at 2016-10-08 19:37:38 -0400


Started GET "/assets/bootstrap/carousel.self-35d204878d906298e55bc24553e11fd89b980fc4ffe5792fe36af8c0da289c54.js?body=1" for ::1 at 2016-10-08 19:37:38 -0400


Started GET "/assets/bootstrap/modal.self-62463080dba6b9d024ff0a3192da0e76eacbc683194f3395047c6f5cfa0acb59.js?body=1" for ::1 at 2016-10-08 19:37:38 -0400


Started GET "/assets/bootstrap/dropdown.self-e56c2ffee4618411d43ecf15c89273f6223847ad756e1cd17545d04afa732ed4.js?body=1" for ::1 at 2016-10-08 19:37:38 -0400


Started GET "/assets/bootstrap/alert.self-d8b7bd612b3dcfdefb7b5539b9d5848d66ccbd3e7af8bb8d48bfb3288aaa7be8.js?body=1" for ::1 at 2016-10-08 19:37:38 -0400


Started GET "/assets/bootstrap/button.self-e74d33ba39500940a78d6fa4d2d64f6ca7fd86d60a2149641f7fde7ba711d8a1.js?body=1" for ::1 at 2016-10-08 19:37:38 -0400


Started GET "/assets/bootstrap/affix.self-3555752f8a930795ee9e56751a52e6871104ae85d01b3ab8363da3802a5ecc78.js?body=1" for ::1 at 2016-10-08 19:37:38 -0400


Started GET "/assets/bootstrap/scrollspy.self-52afd90e8ba97d9f08617a13986e8869d6c4a45751c0bff59a6f91241e722aca.js?body=1" for ::1 at 2016-10-08 19:37:38 -0400


Started GET "/assets/bootstrap/tab.self-dad0d5c377f9fae26394484535ebb23ccf68afae084f896af6ea4cdf8c9f6ae0.js?body=1" for ::1 at 2016-10-08 19:37:38 -0400


Started GET "/assets/bootstrap/transition.self-3b268d4cd8c79e46ded7392885f72f64ffb5b0d49948a12b8cf9779f6163e13a.js?body=1" for ::1 at 2016-10-08 19:37:38 -0400


Started GET "/assets/bootstrap/tooltip.self-facdc69246a072acb927ded77ff655f7c27a518b9357fddd45d119fbc8a0ab9f.js?body=1" for ::1 at 2016-10-08 19:37:38 -0400


Started GET "/assets/bootstrap/popover.self-210cff1fb4b72b71a29b5122180cb5937c8145cd13a934dc838280f1d9607a3e.js?body=1" for ::1 at 2016-10-08 19:37:38 -0400


Started GET "/assets/bootstrap-sprockets.self-fbfa5ad7d9aa0afe439ec4ff3883acc4cb92b62cb67c40d674320c9aa1d4642d.js?body=1" for ::1 at 2016-10-08 19:37:38 -0400


Started GET "/assets/application.self-89655ea40500a342dad2ac571974c28abab3e3897c63fef4c2d06d7564836879.js?body=1" for ::1 at 2016-10-08 19:37:38 -0400


Started GET "/" for ::1 at 2016-10-08 19:39:22 -0400
Processing by HomeController#index as HTML
  Rendered home/index.html.erb within layouts/application (1.3ms)
Completed 200 OK in 137ms (Views: 135.7ms)


Started GET "/assets/application.self-4b9bb41143686ec597cc16b24333eae8b5368a423e122cfb9e76555afb009a9c.css?body=1" for ::1 at 2016-10-08 19:39:22 -0400


Started GET "/assets/bootstrap/carousel.self-35d204878d906298e55bc24553e11fd89b980fc4ffe5792fe36af8c0da289c54.js?body=1" for ::1 at 2016-10-08 19:39:22 -0400


Started GET "/assets/bootstrap/button.self-e74d33ba39500940a78d6fa4d2d64f6ca7fd86d60a2149641f7fde7ba711d8a1.js?body=1" for ::1 at 2016-10-08 19:39:22 -0400


Started GET "/assets/bootstrap/alert.self-d8b7bd612b3dcfdefb7b5539b9d5848d66ccbd3e7af8bb8d48bfb3288aaa7be8.js?body=1" for ::1 at 2016-10-08 19:39:22 -0400


Started GET "/assets/jquery.self-c64a74367bda6ef8b860f19e74df08927ca99d2be2ac934e9e92d5fd361e0da4.js?body=1" for ::1 at 2016-10-08 19:39:22 -0400


Started GET "/assets/bootstrap/affix.self-3555752f8a930795ee9e56751a52e6871104ae85d01b3ab8363da3802a5ecc78.js?body=1" for ::1 at 2016-10-08 19:39:22 -0400


Started GET "/assets/bootstrap/modal.self-62463080dba6b9d024ff0a3192da0e76eacbc683194f3395047c6f5cfa0acb59.js?body=1" for ::1 at 2016-10-08 19:39:22 -0400


Started GET "/assets/bootstrap/scrollspy.self-52afd90e8ba97d9f08617a13986e8869d6c4a45751c0bff59a6f91241e722aca.js?body=1" for ::1 at 2016-10-08 19:39:22 -0400


Started GET "/assets/bootstrap/tab.self-dad0d5c377f9fae26394484535ebb23ccf68afae084f896af6ea4cdf8c9f6ae0.js?body=1" for ::1 at 2016-10-08 19:39:22 -0400


Started GET "/assets/bootstrap/transition.self-3b268d4cd8c79e46ded7392885f72f64ffb5b0d49948a12b8cf9779f6163e13a.js?body=1" for ::1 at 2016-10-08 19:39:22 -0400


Started GET "/assets/bootstrap/tooltip.self-facdc69246a072acb927ded77ff655f7c27a518b9357fddd45d119fbc8a0ab9f.js?body=1" for ::1 at 2016-10-08 19:39:22 -0400


Started GET "/assets/bootstrap/dropdown.self-e56c2ffee4618411d43ecf15c89273f6223847ad756e1cd17545d04afa732ed4.js?body=1" for ::1 at 2016-10-08 19:39:22 -0400


Started GET "/assets/bootstrap/popover.self-210cff1fb4b72b71a29b5122180cb5937c8145cd13a934dc838280f1d9607a3e.js?body=1" for ::1 at 2016-10-08 19:39:22 -0400


Started GET "/assets/bootstrap/collapse.self-056c40532d9f0f126ec17e839f60c942f573fbd61a086e7f156306e3fc5e8c1f.js?body=1" for ::1 at 2016-10-08 19:39:22 -0400


Started GET "/assets/bootstrap-sprockets.self-fbfa5ad7d9aa0afe439ec4ff3883acc4cb92b62cb67c40d674320c9aa1d4642d.js?body=1" for ::1 at 2016-10-08 19:39:22 -0400


Started GET "/assets/application.self-89655ea40500a342dad2ac571974c28abab3e3897c63fef4c2d06d7564836879.js?body=1" for ::1 at 2016-10-08 19:39:22 -0400


Started GET "/" for ::1 at 2016-10-08 19:41:14 -0400
Processing by HomeController#index as HTML
  Rendered home/index.html.erb within layouts/application (1.6ms)
Completed 200 OK in 140ms (Views: 138.0ms)


Started GET "/assets/application.self-4b9bb41143686ec597cc16b24333eae8b5368a423e122cfb9e76555afb009a9c.css?body=1" for ::1 at 2016-10-08 19:41:14 -0400


Started GET "/assets/jquery.self-c64a74367bda6ef8b860f19e74df08927ca99d2be2ac934e9e92d5fd361e0da4.js?body=1" for ::1 at 2016-10-08 19:41:14 -0400


Started GET "/assets/bootstrap/affix.self-3555752f8a930795ee9e56751a52e6871104ae85d01b3ab8363da3802a5ecc78.js?body=1" for ::1 at 2016-10-08 19:41:14 -0400


Started GET "/assets/bootstrap/alert.self-d8b7bd612b3dcfdefb7b5539b9d5848d66ccbd3e7af8bb8d48bfb3288aaa7be8.js?body=1" for ::1 at 2016-10-08 19:41:14 -0400


Started GET "/assets/bootstrap/collapse.self-056c40532d9f0f126ec17e839f60c942f573fbd61a086e7f156306e3fc5e8c1f.js?body=1" for ::1 at 2016-10-08 19:41:14 -0400


Started GET "/assets/bootstrap/button.self-e74d33ba39500940a78d6fa4d2d64f6ca7fd86d60a2149641f7fde7ba711d8a1.js?body=1" for ::1 at 2016-10-08 19:41:14 -0400


Started GET "/assets/bootstrap/carousel.self-35d204878d906298e55bc24553e11fd89b980fc4ffe5792fe36af8c0da289c54.js?body=1" for ::1 at 2016-10-08 19:41:14 -0400


Started GET "/assets/bootstrap/dropdown.self-e56c2ffee4618411d43ecf15c89273f6223847ad756e1cd17545d04afa732ed4.js?body=1" for ::1 at 2016-10-08 19:41:14 -0400


Started GET "/assets/bootstrap/modal.self-62463080dba6b9d024ff0a3192da0e76eacbc683194f3395047c6f5cfa0acb59.js?body=1" for ::1 at 2016-10-08 19:41:14 -0400


Started GET "/assets/bootstrap/scrollspy.self-52afd90e8ba97d9f08617a13986e8869d6c4a45751c0bff59a6f91241e722aca.js?body=1" for ::1 at 2016-10-08 19:41:14 -0400


Started GET "/assets/bootstrap/tab.self-dad0d5c377f9fae26394484535ebb23ccf68afae084f896af6ea4cdf8c9f6ae0.js?body=1" for ::1 at 2016-10-08 19:41:14 -0400


Started GET "/assets/bootstrap/popover.self-210cff1fb4b72b71a29b5122180cb5937c8145cd13a934dc838280f1d9607a3e.js?body=1" for ::1 at 2016-10-08 19:41:14 -0400


Started GET "/assets/bootstrap-sprockets.self-fbfa5ad7d9aa0afe439ec4ff3883acc4cb92b62cb67c40d674320c9aa1d4642d.js?body=1" for ::1 at 2016-10-08 19:41:14 -0400


Started GET "/assets/application.self-89655ea40500a342dad2ac571974c28abab3e3897c63fef4c2d06d7564836879.js?body=1" for ::1 at 2016-10-08 19:41:14 -0400


Started GET "/assets/bootstrap/transition.self-3b268d4cd8c79e46ded7392885f72f64ffb5b0d49948a12b8cf9779f6163e13a.js?body=1" for ::1 at 2016-10-08 19:41:14 -0400


Started GET "/assets/bootstrap/tooltip.self-facdc69246a072acb927ded77ff655f7c27a518b9357fddd45d119fbc8a0ab9f.js?body=1" for ::1 at 2016-10-08 19:41:14 -0400


Started GET "/" for ::1 at 2016-10-08 19:42:36 -0400
Processing by HomeController#index as HTML
  Rendered home/index.html.erb within layouts/application (1.3ms)
Completed 200 OK in 130ms (Views: 129.0ms)


Started GET "/assets/application.self-4b9bb41143686ec597cc16b24333eae8b5368a423e122cfb9e76555afb009a9c.css?body=1" for ::1 at 2016-10-08 19:42:36 -0400


Started GET "/assets/bootstrap/affix.self-3555752f8a930795ee9e56751a52e6871104ae85d01b3ab8363da3802a5ecc78.js?body=1" for ::1 at 2016-10-08 19:42:36 -0400


Started GET "/assets/jquery.self-c64a74367bda6ef8b860f19e74df08927ca99d2be2ac934e9e92d5fd361e0da4.js?body=1" for ::1 at 2016-10-08 19:42:36 -0400


Started GET "/assets/bootstrap/alert.self-d8b7bd612b3dcfdefb7b5539b9d5848d66ccbd3e7af8bb8d48bfb3288aaa7be8.js?body=1" for ::1 at 2016-10-08 19:42:36 -0400


Started GET "/assets/bootstrap/dropdown.self-e56c2ffee4618411d43ecf15c89273f6223847ad756e1cd17545d04afa732ed4.js?body=1" for ::1 at 2016-10-08 19:42:36 -0400


Started GET "/assets/bootstrap/collapse.self-056c40532d9f0f126ec17e839f60c942f573fbd61a086e7f156306e3fc5e8c1f.js?body=1" for ::1 at 2016-10-08 19:42:36 -0400


Started GET "/assets/bootstrap/scrollspy.self-52afd90e8ba97d9f08617a13986e8869d6c4a45751c0bff59a6f91241e722aca.js?body=1" for ::1 at 2016-10-08 19:42:36 -0400


Started GET "/assets/bootstrap/modal.self-62463080dba6b9d024ff0a3192da0e76eacbc683194f3395047c6f5cfa0acb59.js?body=1" for ::1 at 2016-10-08 19:42:36 -0400


Started GET "/assets/bootstrap/tab.self-dad0d5c377f9fae26394484535ebb23ccf68afae084f896af6ea4cdf8c9f6ae0.js?body=1" for ::1 at 2016-10-08 19:42:36 -0400


Started GET "/assets/bootstrap/carousel.self-35d204878d906298e55bc24553e11fd89b980fc4ffe5792fe36af8c0da289c54.js?body=1" for ::1 at 2016-10-08 19:42:36 -0400


Started GET "/assets/bootstrap/transition.self-3b268d4cd8c79e46ded7392885f72f64ffb5b0d49948a12b8cf9779f6163e13a.js?body=1" for ::1 at 2016-10-08 19:42:36 -0400


Started GET "/assets/bootstrap/button.self-e74d33ba39500940a78d6fa4d2d64f6ca7fd86d60a2149641f7fde7ba711d8a1.js?body=1" for ::1 at 2016-10-08 19:42:36 -0400


Started GET "/assets/bootstrap/tooltip.self-facdc69246a072acb927ded77ff655f7c27a518b9357fddd45d119fbc8a0ab9f.js?body=1" for ::1 at 2016-10-08 19:42:36 -0400


Started GET "/assets/bootstrap/popover.self-210cff1fb4b72b71a29b5122180cb5937c8145cd13a934dc838280f1d9607a3e.js?body=1" for ::1 at 2016-10-08 19:42:36 -0400


Started GET "/assets/bootstrap-sprockets.self-fbfa5ad7d9aa0afe439ec4ff3883acc4cb92b62cb67c40d674320c9aa1d4642d.js?body=1" for ::1 at 2016-10-08 19:42:36 -0400


Started GET "/assets/application.self-89655ea40500a342dad2ac571974c28abab3e3897c63fef4c2d06d7564836879.js?body=1" for ::1 at 2016-10-08 19:42:36 -0400
